<?xml version="1.0" encoding="UTF-8" ?>
<testsuites>
<testsuite name="Validate Registration and Login functionality" errors="0" tests="2" failures="0" time="0.264" timestamp="2021-11-18T16:14:57">
  <testcase classname="Validate Registration and Login functionality" name="register new user" time="0.156"></testcase>
  <testcase classname="Validate Registration and Login functionality" name="login simulate user1" time="0.107"></testcase>
</testsuite>
</testsuites>